2023-02-23T06:52:06.937Z - log: [Package] menu@1.0.0 enable
2023-02-23T06:52:06.939Z - log: [Package] profile@1.0.0 enable
2023-02-23T06:52:06.945Z - log: [Package] project@1.0.2 enable
2023-02-23T06:52:06.947Z - log: [Package] messages@1.0.0 enable
2023-02-23T06:52:06.949Z - log: [Package] program@1.0.0 enable
2023-02-23T06:52:06.953Z - log: [Package] tester@1.0.0 enable
2023-02-23T06:52:06.956Z - log: [Package] preferences@1.0.0 enable
2023-02-23T06:52:08.910Z - log: Profile changed: engine (modules.includeModules: 2d,animation,audio,base,dragon-bones,gfx-webgl,gfx-webgl2,intersection-2d,marionette,particle-2d,physics-2d-box2d,profiler,skeletal-animation,spine,tiled-map,tween,ui,video,webview)
2023-02-23T06:52:08.966Z - log: [Package] engine@1.0.6 enable
2023-02-23T06:52:09.554Z - log: [Package] programming@1.0.0 enable
2023-02-23T06:52:09.595Z - warn: 
2023-02-23T06:52:09.614Z - warn: 
2023-02-23T06:52:09.817Z - log: [Package] device@1.0.1 enable
2023-02-23T06:52:09.841Z - log: [Package] ui-kit@1.0.1 enable
2023-02-23T06:52:09.864Z - log: [Package] engine-extends@1.0.0 enable
2023-02-23T06:52:09.910Z - log: [Package] asset-db@1.0.0 enable
2023-02-23T06:52:09.911Z - warn: 
2023-02-23T06:52:09.940Z - log: [Package] scene@1.0.0 enable
2023-02-23T06:52:10.037Z - log: [Package] server@1.0.0 enable
2023-02-23T06:52:10.061Z - log: [Package] utils@1.0.0 enable
2023-02-23T06:52:10.483Z - warn: Browserslist: caniuse-lite is outdated. Please run:
npx browserslist@latest --update-db

Why you should do it regularly:
https://github.com/browserslist/browserslist#browsers-data-updating
2023-02-23T06:52:14.647Z - warn: 
2023-02-23T06:52:14.647Z - warn: 
2023-02-23T06:52:14.647Z - warn: 
2023-02-23T06:52:14.650Z - warn: 
2023-02-23T06:52:14.650Z - warn: 
2023-02-23T06:52:14.650Z - warn: 
2023-02-23T06:52:15.345Z - warn: 
2023-02-23T06:52:15.373Z - log: [Package] preview@1.0.1 enable
2023-02-23T06:52:15.399Z - log: [Package] animator@1.0.0 enable
2023-02-23T06:52:15.431Z - log: pluginManager init: 0.091ms
2023-02-23T06:52:15.422Z - warn: [Programming] Browserslist: caniuse-lite is outdated. Please run:
  npx update-browserslist-db@latest
  Why you should do it regularly: https://github.com/browserslist/update-db#readme[Programming] Browserslist: caniuse-lite is outdated. Please run:
  npx update-browserslist-db@latest
  Why you should do it regularly: https://github.com/browserslist/update-db#readme  
at Logger.record (/Applications/CocosCreator/Creator/3.6.0/CocosCreator.app/Contents/Resources/app.asar/node_modules/@base/electron-logger/lib/renderer.ccc:1:458)  
at console.warn (/Applications/CocosCreator/Creator/3.6.0/CocosCreator.app/Contents/Resources/app.asar/node_modules/@base/electron-logger/lib/renderer.ccc:1:1260)  
at Object.oldDataWarning (/Applications/CocosCreator/Creator/3.6.0/CocosCreator.app/Contents/Resources/app.asar/node_modules/@cocos/creator-programming-mod-lo/node_modules/browserslist/node.js:386:15)  
at browserslist (/Applications/CocosCreator/Creator/3.6.0/CocosCreator.app/Contents/Resources/app.asar/node_modules/@cocos/creator-programming-mod-lo/node_modules/browserslist/index.js:394:7)  
at resolveTargets (/Applications/CocosCreator/Creator/3.6.0/CocosCreator.app/Contents/Resources/app.asar/node_modules/@cocos/creator-programming-mod-lo/node_modules/@babel/helper-compilation-targets/lib/index.js:165:20)  
at getTargets (/Applications/CocosCreator/Creator/3.6.0/CocosCreator.app/Contents/Resources/app.asar/node_modules/@cocos/creator-programming-mod-lo/node_modules/@babel/helper-compilation-targets/lib/index.js:210:27)  
at getLocalTargets (/Applications/CocosCreator/Creator/3.6.0/CocosCreator.app/Contents/Resources/app.asar/node_modules/@cocos/creator-programming-mod-lo/node_modules/@babel/preset-env/lib/index.js:227:48)  
at /Applications/CocosCreator/Creator/3.6.0/CocosCreator.app/Contents/Resources/app.asar/node_modules/@cocos/creator-programming-mod-lo/node_modules/@babel/preset-env/lib/index.js:288:15
2023-02-23T06:52:16.091Z - log: Profile changed: builder (log.level: 4)
2023-02-23T06:52:16.094Z - log: [Package] builder@1.3.3 enable
2023-02-23T06:52:16.122Z - log: [Package] shortcuts@1.0.1 enable
2023-02-23T06:52:16.149Z - log: [Package] animation-graph@1.0.0 enable
2023-02-23T06:52:16.174Z - log: [Package] about@1.0.0 enable
2023-02-23T06:52:16.201Z - log: [Package] assets@1.0.0 enable
2023-02-23T06:52:16.228Z - log: [Package] console@1.0.0 enable
2023-02-23T06:52:16.337Z - log: [Package] extension@3.0.16 enable
2023-02-23T06:52:16.364Z - log: [Package] hierarchy@1.0.0 enable
2023-02-23T06:52:16.389Z - log: [Package] inspector@1.0.0 enable
2023-02-23T06:52:16.412Z - log: [Package] lightmap@1.0.4 enable
2023-02-23T06:52:16.631Z - log: [Package] localization-editor@1.0.0 enable
2023-02-23T06:52:16.637Z - log: [Build-plugin] register pkg localization-editor: 4.521ms
2023-02-23T06:52:16.660Z - log: [Package] node-library@1.0.1 enable
2023-02-23T06:52:16.684Z - log: [Package] package-asset@1.0.0 enable
2023-02-23T06:52:16.707Z - log: [Package] process@1.0.0 enable
2023-02-23T06:52:16.732Z - log: [Package] reference-image@1.0.0 enable
2023-02-23T06:52:16.759Z - log: [Package] alipay-mini-game@1.0.1 enable
2023-02-23T06:52:16.760Z - log: [Build-plugin] register pkg alipay-mini-game: 0.501ms
2023-02-23T06:52:16.783Z - log: [Package] android@1.0.1 enable
2023-02-23T06:52:16.786Z - log: [Build-plugin] register pkg android: 2.998ms
2023-02-23T06:52:16.787Z - warn: 
2023-02-23T06:52:16.787Z - warn: 
2023-02-23T06:52:16.787Z - warn: 
2023-02-23T06:52:16.807Z - log: [Package] baidu-mini-game@1.0.1 enable
2023-02-23T06:52:16.809Z - log: [Build-plugin] register pkg baidu-mini-game: 1.897ms
2023-02-23T06:52:16.852Z - log: [Package] bytedance-mini-game@1.0.2 enable
2023-02-23T06:52:16.854Z - log: [Build-plugin] register pkg bytedance-mini-game: 1.251ms
2023-02-23T06:52:16.876Z - log: [Package] certificate@1.0.0 enable
2023-02-23T06:52:16.898Z - log: [Package] channel-upload-tools@1.0.0 enable
2023-02-23T06:52:16.924Z - log: [Package] cocos-play@1.0.1 enable
2023-02-23T06:52:16.926Z - log: [Build-plugin] register pkg cocos-play: 2.119ms
2023-02-23T06:52:16.948Z - log: [Package] huawei-agc@1.0.0 enable
2023-02-23T06:52:16.950Z - log: [Build-plugin] register pkg huawei-agc: 1.711ms
2023-02-23T06:52:16.973Z - log: [Package] huawei-quick-game@1.0.1 enable
2023-02-23T06:52:16.975Z - log: [Build-plugin] register pkg huawei-quick-game: 1.99ms
2023-02-23T06:52:17.190Z - log: [Package] ios@1.0.0 enable
2023-02-23T06:52:17.193Z - log: [Build-plugin] register pkg ios: 2.302ms
2023-02-23T06:52:17.218Z - log: [Package] linux@1.0.0 enable
2023-02-23T06:52:17.219Z - log: [Build-plugin] register pkg linux: 0.488ms
2023-02-23T06:52:17.243Z - log: [Package] mac@1.0.0 enable
2023-02-23T06:52:17.245Z - log: [Build-plugin] register pkg mac: 1.957ms
2023-02-23T06:52:17.310Z - log: [Package] native@1.0.2 enable
2023-02-23T06:52:17.312Z - log: [Build-plugin] register pkg native: 1.561ms
2023-02-23T06:52:17.338Z - log: [Package] ohos@1.0.0 enable
2023-02-23T06:52:17.340Z - log: [Build-plugin] register pkg ohos: 1.585ms
2023-02-23T06:52:17.362Z - log: [Package] open-harmonyos@1.0.0 enable
2023-02-23T06:52:17.363Z - log: [Build-plugin] register pkg open-harmonyos: 0.547ms
2023-02-23T06:52:17.389Z - log: [Package] oppo-mini-game@1.0.1 enable
2023-02-23T06:52:17.391Z - log: [Build-plugin] register pkg oppo-mini-game: 1.822ms
2023-02-23T06:52:17.417Z - log: [Package] runtime-dev-tools@1.0.0 enable
2023-02-23T06:52:17.442Z - log: [Package] vivo-mini-game@1.0.1 enable
2023-02-23T06:52:17.444Z - log: [Build-plugin] register pkg vivo-mini-game: 2.164ms
2023-02-23T06:52:17.483Z - log: [Package] web-desktop@1.0.1 enable
2023-02-23T06:52:17.485Z - log: [Build-plugin] register pkg web-desktop: 1.748ms
2023-02-23T06:52:17.514Z - log: [Package] web-mobile@1.0.1 enable
2023-02-23T06:52:17.516Z - log: [Build-plugin] register pkg web-mobile: 1.759ms
2023-02-23T06:52:17.542Z - log: [Package] wechatgame@1.0.2 enable
2023-02-23T06:52:17.544Z - log: [Build-plugin] register pkg wechatgame: 1.902ms
2023-02-23T06:52:17.565Z - log: [Package] windows@1.0.1 enable
2023-02-23T06:52:17.567Z - log: [Build-plugin] register pkg windows: 1.556ms
2023-02-23T06:52:17.592Z - log: [Package] xiaomi-quick-game@1.0.1 enable
2023-02-23T06:52:17.595Z - log: [Build-plugin] register pkg xiaomi-quick-game: 2.564ms
2023-02-23T06:52:17.744Z - log: [Package] cocos-service@3.0.5 enable
2023-02-23T06:52:17.746Z - log: [Build-plugin] register pkg cocos-service: 0.898ms
2023-02-23T06:52:17.771Z - log: [Package] importer@1.0.0 enable
2023-02-23T06:52:17.913Z - log: [Im-plugin] Check im-plugin version.
2023-02-23T06:52:17.917Z - log: [Package] im-plugin@3.0.9 enable
2023-02-23T06:52:18.670Z - log: [Im-plugin] No online info of im-plugin.
2023-02-23T06:52:20.095Z - log: [Scene] Please specifiy a default value for "cc.EditorExtendable.__editorExtras__" property at its declaration:

 
// Before:
@property(...)
myProp;
// After:
@property(...)
myProp = 0;
2023-02-23T06:52:20.107Z - log: [Scene] Please specifiy a default value for "CCPropertyOverrideInfo.value" property at its declaration:

 
// Before:
@property(...)
myProp;
// After:
@property(...)
myProp = 0;
2023-02-23T06:52:20.108Z - log: [Scene] Please specifiy a default value for "cc.PrefabInfo.asset" property at its declaration:

 
// Before:
@property(...)
myProp;
// After:
@property(...)
myProp = 0;
2023-02-23T06:52:20.108Z - log: [Scene] Please specifiy a default value for "cc.PrefabInfo.nestedPrefabInstanceRoots" property at its declaration:

 
// Before:
@property(...)
myProp;
// After:
@property(...)
myProp = 0;
2023-02-23T06:52:20.110Z - log: [Scene] The 'default' attribute of 'ColorDesc.beginAccesses' must be an array
2023-02-23T06:52:20.110Z - log: [Scene] The 'default' attribute of 'ColorDesc.endAccesses' must be an array
2023-02-23T06:52:20.117Z - log: [Scene] Please specifiy a default value for "cc.animation.TrackBinding.proxy" property at its declaration:

 
// Before:
@property(...)
myProp;
// After:
@property(...)
myProp = 0;
2023-02-23T06:52:20.117Z - log: [Scene] Please specifiy a default value for "cc.animation.Channel._curve" property at its declaration:

 
// Before:
@property(...)
myProp;
// After:
@property(...)
myProp = 0;
2023-02-23T06:52:20.117Z - log: [Scene] Please specifiy a default value for "cc.animation.SingleChannelTrack._channel" property at its declaration:

 
// Before:
@property(...)
myProp;
// After:
@property(...)
myProp = 0;
2023-02-23T06:52:20.118Z - log: [Scene] Please specifiy a default value for "cc.animation.VectorTrack._channels" property at its declaration:

 
// Before:
@property(...)
myProp;
// After:
@property(...)
myProp = 0;
2023-02-23T06:52:20.118Z - log: [Scene] Please specifiy a default value for "cc.animation.ColorTrack._channels" property at its declaration:

 
// Before:
@property(...)
myProp;
// After:
@property(...)
myProp = 0;
2023-02-23T06:52:20.118Z - log: [Scene] Please specifiy a default value for "cc.animation.SizeTrack._channels" property at its declaration:

 
// Before:
@property(...)
myProp;
// After:
@property(...)
myProp = 0;
2023-02-23T06:52:20.118Z - log: [Scene] Please specifiy a default value for "cc.animation.Transition.from" property at its declaration:

 
// Before:
@property(...)
myProp;
// After:
@property(...)
myProp = 0;
2023-02-23T06:52:20.118Z - log: [Scene] Please specifiy a default value for "cc.animation.Transition.to" property at its declaration:

 
// Before:
@property(...)
myProp;
// After:
@property(...)
myProp = 0;
2023-02-23T06:52:20.118Z - log: [Scene] Please specifiy a default value for "cc.animation.StateMachine._entryState" property at its declaration:

 
// Before:
@property(...)
myProp;
// After:
@property(...)
myProp = 0;
2023-02-23T06:52:20.118Z - log: [Scene] Please specifiy a default value for "cc.animation.StateMachine._exitState" property at its declaration:

 
// Before:
@property(...)
myProp;
// After:
@property(...)
myProp = 0;
2023-02-23T06:52:20.118Z - log: [Scene] Please specifiy a default value for "cc.animation.StateMachine._anyState" property at its declaration:

 
// Before:
@property(...)
myProp;
// After:
@property(...)
myProp = 0;
2023-02-23T06:52:20.119Z - log: [Scene] Please specifiy a default value for "cc.animation.Layer._stateMachine" property at its declaration:

 
// Before:
@property(...)
myProp;
// After:
@property(...)
myProp = 0;
2023-02-23T06:52:20.119Z - log: [Scene] Please specifiy a default value for "cc.animation.ExoticVectorLikeTrackValues._values" property at its declaration:

 
// Before:
@property(...)
myProp;
// After:
@property(...)
myProp = 0;
2023-02-23T06:52:20.119Z - log: [Scene] Please specifiy a default value for "cc.animation.ExoticVectorLikeTrackValues._isQuantized" property at its declaration:

 
// Before:
@property(...)
myProp;
// After:
@property(...)
myProp = 0;
2023-02-23T06:52:20.119Z - log: [Scene] Please specifiy a default value for "cc.animation.ExoticTrack.times" property at its declaration:

 
// Before:
@property(...)
myProp;
// After:
@property(...)
myProp = 0;
2023-02-23T06:52:20.119Z - log: [Scene] Please specifiy a default value for "cc.animation.ExoticTrack.values" property at its declaration:

 
// Before:
@property(...)
myProp;
// After:
@property(...)
myProp = 0;
2023-02-23T06:52:20.119Z - log: [Scene] Please specifiy a default value for "cc.animation.QuantizedFloatArray.originalPrecision" property at its declaration:

 
// Before:
@property(...)
myProp;
// After:
@property(...)
myProp = 0;
2023-02-23T06:52:20.119Z - log: [Scene] Please specifiy a default value for "cc.animation.QuantizedFloatArray.min" property at its declaration:

 
// Before:
@property(...)
myProp;
// After:
@property(...)
myProp = 0;
2023-02-23T06:52:20.119Z - log: [Scene] Please specifiy a default value for "cc.animation.QuantizedFloatArray.extent" property at its declaration:

 
// Before:
@property(...)
myProp;
// After:
@property(...)
myProp = 0;
2023-02-23T06:52:20.119Z - log: [Scene] Please specifiy a default value for "cc.animation.QuantizedFloatArray.values" property at its declaration:

 
// Before:
@property(...)
myProp;
// After:
@property(...)
myProp = 0;
2023-02-23T06:52:20.140Z - log: [Scene] 'cc.ParticleSystem2D.color' hides inherited property 'cc.UIRenderer.color'. To make the current property override that implementation, add the `override: true` attribute please.
2023-02-23T06:52:20.167Z - log: [Scene] No needs to indicate the 'cc.Boolean' attribute for "cc.Terrain._receiveShadow", which its default value is type of Boolean.
2023-02-23T06:52:20.167Z - log: [Scene] No needs to indicate the 'cc.Boolean' attribute for "cc.Terrain._useNormalmap", which its default value is type of Boolean.
2023-02-23T06:52:20.167Z - log: [Scene] No needs to indicate the 'cc.Boolean' attribute for "cc.Terrain._usePBR", which its default value is type of Boolean.
2023-02-23T06:52:20.167Z - log: [Scene] No needs to indicate the 'cc.Boolean' attribute for "cc.Terrain._lodEnable", which its default value is type of Boolean.
2023-02-23T06:52:20.232Z - info: [Scene] [Physics][Bullet]: Using asmjs Bullet libs.
2023-02-23T06:52:20.238Z - info: [Scene] [PHYSICS]: using builtin.
2023-02-23T06:52:20.315Z - log: [Scene] Cocos Creator v3.6.0
2023-02-23T06:52:20.315Z - info: [Scene] Forward render pipeline initialized.
2023-02-23T10:35:45.630Z - log: [Window] Deprecated as of 10.7.0. highlight(lang, code, ...args) has been deprecated.
2023-02-23T10:35:45.630Z - log: [Window] Deprecated as of 10.7.0. Please use highlight(code, options) instead.
https://github.com/highlightjs/highlight.js/issues/2277
