debug: Mon, 27 Feb 2023 06:05:02 GMT
debug: Project: /Users/super_javan/cocoscreator/littleBeastFight3.6
debug: Targets: editor,preview
debug: Incremental file seems great.
debug: Engine path: /Applications/CocosCreator/Creator/3.6.0/CocosCreator.app/Contents/Resources/resources/3d/engine
debug: Initializing target [Editor]
debug: Loading cache
debug: Loading cache costs 0.9450839757919312ms.
debug: Engine features shipped in editor: base,gfx-webgl,gfx-webgl2,3d,animation,skeletal-animation,2d,ui,particle,particle-2d,physics-framework,physics-2d-framework,intersection-2d,primitive,profiler,occlusion-query,geometry-renderer,debug-renderer,audio,video,terrain,webview,tween,tiled-map,spine,dragon-bones,marionette,custom-pipeline
debug: Our import map(foo:/bar): {
  "imports": {
    "cc": "cce:/internal/x/cc"
  }
}
debug: Initializing target [Preview]
debug: Loading cache
debug: Loading cache costs 0.7699170112609863ms.
debug: Our import map(foo:/bar): {
  "imports": {
    "cc": "cce:/internal/x/cc"
  }
}
debug: Sync engine features: 2d,animation,audio,base,dragon-bones,gfx-webgl,gfx-webgl2,intersection-2d,marionette,particle-2d,physics-2d-box2d,profiler,skeletal-animation,spine,tiled-map,tween,ui,video,webview
debug: Reset databases. Enumerated domains: [
  {
    "root": "db://internal/",
    "physical": "/Applications/CocosCreator/Creator/3.6.0/CocosCreator.app/Contents/Resources/resources/3d/engine/editor/assets"
  },
  {
    "root": "db://assets/",
    "physical": "/Users/super_javan/cocoscreator/littleBeastFight3.6/assets"
  }
]
debug: Our import map(foo:/bar): {
  "imports": {
    "cc": "cce:/internal/x/cc",
    "db://internal/": "file:///Applications/CocosCreator/Creator/3.6.0/CocosCreator.app/Contents/Resources/resources/3d/engine/editor/assets/",
    "db://assets/": "file:///Users/super_javan/cocoscreator/littleBeastFight3.6/assets/"
  }
}
debug: Our import map(foo:/bar): {
  "imports": {
    "cc": "cce:/internal/x/cc",
    "db://internal/": "file:///Applications/CocosCreator/Creator/3.6.0/CocosCreator.app/Contents/Resources/resources/3d/engine/editor/assets/",
    "db://assets/": "file:///Users/super_javan/cocoscreator/littleBeastFight3.6/assets/"
  }
}
debug: Pulling asset-db.
debug: Fetch asset-db cost: 13.636708974838257ms.
debug: Build iteration starts.
Number of accumulated asset changes: 10
Feature changed: false
debug: Target(editor) build started.
debug: Detected change: cce:/internal/x/cc. Last mtime: Thu Jan 01 1970 08:00:03 GMT+0800 (中国标准时间), Current mtime: Thu Jan 01 1970 08:00:03 GMT+0800 (中国标准时间)
debug: Inspect cce:/internal/x/cc
debug: Resolve cce:/internal/x/cc-fu/base from cce:/internal/x/cc as external dependency cce:/internal/x/cc-fu/base.
debug: Resolve cce:/internal/x/cc-fu/gfx-webgl from cce:/internal/x/cc as external dependency cce:/internal/x/cc-fu/gfx-webgl.
debug: Resolve cce:/internal/x/cc-fu/gfx-webgl2 from cce:/internal/x/cc as external dependency cce:/internal/x/cc-fu/gfx-webgl2.
debug: Resolve cce:/internal/x/cc-fu/3d from cce:/internal/x/cc as external dependency cce:/internal/x/cc-fu/3d.
debug: Resolve cce:/internal/x/cc-fu/animation from cce:/internal/x/cc as external dependency cce:/internal/x/cc-fu/animation.
debug: Resolve cce:/internal/x/cc-fu/skeletal-animation from cce:/internal/x/cc as external dependency cce:/internal/x/cc-fu/skeletal-animation.
debug: Resolve cce:/internal/x/cc-fu/2d from cce:/internal/x/cc as external dependency cce:/internal/x/cc-fu/2d.
debug: Resolve cce:/internal/x/cc-fu/ui from cce:/internal/x/cc as external dependency cce:/internal/x/cc-fu/ui.
debug: Resolve cce:/internal/x/cc-fu/particle from cce:/internal/x/cc as external dependency cce:/internal/x/cc-fu/particle.
debug: Resolve cce:/internal/x/cc-fu/particle-2d from cce:/internal/x/cc as external dependency cce:/internal/x/cc-fu/particle-2d.
debug: Resolve cce:/internal/x/cc-fu/physics-framework from cce:/internal/x/cc as external dependency cce:/internal/x/cc-fu/physics-framework.
debug: Resolve cce:/internal/x/cc-fu/physics-2d-framework from cce:/internal/x/cc as external dependency cce:/internal/x/cc-fu/physics-2d-framework.
debug: Resolve cce:/internal/x/cc-fu/intersection-2d from cce:/internal/x/cc as external dependency cce:/internal/x/cc-fu/intersection-2d.
debug: Resolve cce:/internal/x/cc-fu/primitive from cce:/internal/x/cc as external dependency cce:/internal/x/cc-fu/primitive.
debug: Resolve cce:/internal/x/cc-fu/profiler from cce:/internal/x/cc as external dependency cce:/internal/x/cc-fu/profiler.
debug: Resolve cce:/internal/x/cc-fu/geometry-renderer from cce:/internal/x/cc as external dependency cce:/internal/x/cc-fu/geometry-renderer.
debug: Resolve cce:/internal/x/cc-fu/audio from cce:/internal/x/cc as external dependency cce:/internal/x/cc-fu/audio.
debug: Resolve cce:/internal/x/cc-fu/video from cce:/internal/x/cc as external dependency cce:/internal/x/cc-fu/video.
debug: Resolve cce:/internal/x/cc-fu/terrain from cce:/internal/x/cc as external dependency cce:/internal/x/cc-fu/terrain.
debug: Resolve cce:/internal/x/cc-fu/webview from cce:/internal/x/cc as external dependency cce:/internal/x/cc-fu/webview.
debug: Resolve cce:/internal/x/cc-fu/tween from cce:/internal/x/cc as external dependency cce:/internal/x/cc-fu/tween.
debug: Resolve cce:/internal/x/cc-fu/tiled-map from cce:/internal/x/cc as external dependency cce:/internal/x/cc-fu/tiled-map.
debug: Resolve cce:/internal/x/cc-fu/spine from cce:/internal/x/cc as external dependency cce:/internal/x/cc-fu/spine.
debug: Resolve cce:/internal/x/cc-fu/dragon-bones from cce:/internal/x/cc as external dependency cce:/internal/x/cc-fu/dragon-bones.
debug: Resolve cce:/internal/x/cc-fu/custom-pipeline from cce:/internal/x/cc as external dependency cce:/internal/x/cc-fu/custom-pipeline.
debug: Detected change: cce:/internal/x/prerequisite-imports. Last mtime: Thu Jan 01 1970 08:42:28 GMT+0800 (中国标准时间), Current mtime: Thu Jan 01 1970 08:00:04 GMT+0800 (中国标准时间)
debug: Inspect cce:/internal/x/prerequisite-imports
debug: Resolve file:///Users/super_javan/cocoscreator/littleBeastFight3.6/assets/Script/Base/ResMgr.ts from cce:/internal/x/prerequisite-imports as file:///Users/super_javan/cocoscreator/littleBeastFight3.6/assets/Script/Base/ResMgr.ts.
debug: Detected change: file:///Users/super_javan/cocoscreator/littleBeastFight3.6/assets/Script/Base/ResMgr.ts. Last mtime: Thu Feb 23 2023 19:21:28 GMT+0800 (中国标准时间)@65d8654a-06f8-4255-ad16-00b1a8df503b, Current mtime: Mon Feb 27 2023 13:45:53 GMT+0800 (中国标准时间)@65d8654a-06f8-4255-ad16-00b1a8df503b
debug: Inspect file:///Users/super_javan/cocoscreator/littleBeastFight3.6/assets/Script/Base/ResMgr.ts
debug: Resolve cce:/internal/code-quality/cr.mjs from file:///Users/super_javan/cocoscreator/littleBeastFight3.6/assets/Script/Base/ResMgr.ts as cce:/internal/code-quality/cr.mjs.
debug: Detected change: cce:/internal/code-quality/cr.mjs. Last mtime: Mon Feb 27 2023 12:35:24 GMT+0800 (中国标准时间), Current mtime: Mon Feb 27 2023 14:04:58 GMT+0800 (中国标准时间)
debug: Inspect cce:/internal/code-quality/cr.mjs
debug: Resolve cc from file:///Users/super_javan/cocoscreator/littleBeastFight3.6/assets/Script/Base/ResMgr.ts as cce:/internal/x/cc.
debug: Resolve cc from file:///Users/super_javan/cocoscreator/littleBeastFight3.6/assets/Script/Base/ResMgr.ts as cce:/internal/x/cc.
debug: Resolve cc from file:///Users/super_javan/cocoscreator/littleBeastFight3.6/assets/Script/Base/ResMgr.ts as cce:/internal/x/cc.
debug: Resolve ../Utils/Utils from file:///Users/super_javan/cocoscreator/littleBeastFight3.6/assets/Script/Base/ResMgr.ts as file:///Users/super_javan/cocoscreator/littleBeastFight3.6/assets/Script/Utils/Utils.ts.
debug: Resolve cc from file:///Users/super_javan/cocoscreator/littleBeastFight3.6/assets/Script/Utils/Utils.ts as cce:/internal/x/cc.
debug: Resolve file:///Users/super_javan/cocoscreator/littleBeastFight3.6/assets/Script/Config/SysDefine.ts from cce:/internal/x/prerequisite-imports as file:///Users/super_javan/cocoscreator/littleBeastFight3.6/assets/Script/Config/SysDefine.ts.
debug: Resolve cc from file:///Users/super_javan/cocoscreator/littleBeastFight3.6/assets/Script/Config/SysDefine.ts as cce:/internal/x/cc.
debug: Resolve file:///Users/super_javan/cocoscreator/littleBeastFight3.6/assets/Script/UIFrame/ModalMgr.ts from cce:/internal/x/prerequisite-imports as file:///Users/super_javan/cocoscreator/littleBeastFight3.6/assets/Script/UIFrame/ModalMgr.ts.
debug: Detected change: file:///Users/super_javan/cocoscreator/littleBeastFight3.6/assets/Script/UIFrame/ModalMgr.ts. Last mtime: Mon Feb 27 2023 13:02:11 GMT+0800 (中国标准时间)@8f367993-c942-4247-ac20-115ccf99a845, Current mtime: Mon Feb 27 2023 13:57:29 GMT+0800 (中国标准时间)@8f367993-c942-4247-ac20-115ccf99a845
debug: Inspect file:///Users/super_javan/cocoscreator/littleBeastFight3.6/assets/Script/UIFrame/ModalMgr.ts
debug: Resolve cce:/internal/code-quality/cr.mjs from file:///Users/super_javan/cocoscreator/littleBeastFight3.6/assets/Script/UIFrame/ModalMgr.ts as cce:/internal/code-quality/cr.mjs.
debug: Resolve cc from file:///Users/super_javan/cocoscreator/littleBeastFight3.6/assets/Script/UIFrame/ModalMgr.ts as cce:/internal/x/cc.
debug: Resolve cc from file:///Users/super_javan/cocoscreator/littleBeastFight3.6/assets/Script/UIFrame/ModalMgr.ts as cce:/internal/x/cc.
debug: Resolve cc from file:///Users/super_javan/cocoscreator/littleBeastFight3.6/assets/Script/UIFrame/ModalMgr.ts as cce:/internal/x/cc.
debug: Resolve ../Config/SysDefine from file:///Users/super_javan/cocoscreator/littleBeastFight3.6/assets/Script/UIFrame/ModalMgr.ts as file:///Users/super_javan/cocoscreator/littleBeastFight3.6/assets/Script/Config/SysDefine.ts.
debug: Resolve ./UIMgr from file:///Users/super_javan/cocoscreator/littleBeastFight3.6/assets/Script/UIFrame/ModalMgr.ts as file:///Users/super_javan/cocoscreator/littleBeastFight3.6/assets/Script/UIFrame/UIMgr.ts.
debug: Detected change: file:///Users/super_javan/cocoscreator/littleBeastFight3.6/assets/Script/UIFrame/UIMgr.ts. Last mtime: Mon Feb 27 2023 13:17:30 GMT+0800 (中国标准时间)@ce77fe6a-daa8-40a3-bcbc-b91a7278cc27, Current mtime: Mon Feb 27 2023 13:57:44 GMT+0800 (中国标准时间)@ce77fe6a-daa8-40a3-bcbc-b91a7278cc27
debug: Inspect file:///Users/super_javan/cocoscreator/littleBeastFight3.6/assets/Script/UIFrame/UIMgr.ts
debug: Resolve cce:/internal/code-quality/cr.mjs from file:///Users/super_javan/cocoscreator/littleBeastFight3.6/assets/Script/UIFrame/UIMgr.ts as cce:/internal/code-quality/cr.mjs.
debug: Resolve cc from file:///Users/super_javan/cocoscreator/littleBeastFight3.6/assets/Script/UIFrame/UIMgr.ts as cce:/internal/x/cc.
debug: Resolve cc from file:///Users/super_javan/cocoscreator/littleBeastFight3.6/assets/Script/UIFrame/UIMgr.ts as cce:/internal/x/cc.
debug: Resolve cc from file:///Users/super_javan/cocoscreator/littleBeastFight3.6/assets/Script/UIFrame/UIMgr.ts as cce:/internal/x/cc.
debug: Resolve ../Base/ResMgr from file:///Users/super_javan/cocoscreator/littleBeastFight3.6/assets/Script/UIFrame/UIMgr.ts as file:///Users/super_javan/cocoscreator/littleBeastFight3.6/assets/Script/Base/ResMgr.ts.
debug: Resolve ../Config/SysDefine from file:///Users/super_javan/cocoscreator/littleBeastFight3.6/assets/Script/UIFrame/UIMgr.ts as file:///Users/super_javan/cocoscreator/littleBeastFight3.6/assets/Script/Config/SysDefine.ts.
debug: Resolve ../Utils/PriorityStake from file:///Users/super_javan/cocoscreator/littleBeastFight3.6/assets/Script/UIFrame/UIMgr.ts as file:///Users/super_javan/cocoscreator/littleBeastFight3.6/assets/Script/Utils/PriorityStake.ts.
debug: Resolve cce:/internal/code-quality/cr.mjs from file:///Users/super_javan/cocoscreator/littleBeastFight3.6/assets/Script/Utils/PriorityStake.ts as cce:/internal/code-quality/cr.mjs.
debug: Resolve cc from file:///Users/super_javan/cocoscreator/littleBeastFight3.6/assets/Script/Utils/PriorityStake.ts as cce:/internal/x/cc.
debug: Resolve ./PriorityQueue from file:///Users/super_javan/cocoscreator/littleBeastFight3.6/assets/Script/Utils/PriorityStake.ts as file:///Users/super_javan/cocoscreator/littleBeastFight3.6/assets/Script/Utils/PriorityQueue.ts.
debug: Resolve cc from file:///Users/super_javan/cocoscreator/littleBeastFight3.6/assets/Script/Utils/PriorityQueue.ts as cce:/internal/x/cc.
debug: Resolve ./ModalMgr from file:///Users/super_javan/cocoscreator/littleBeastFight3.6/assets/Script/UIFrame/UIMgr.ts as file:///Users/super_javan/cocoscreator/littleBeastFight3.6/assets/Script/UIFrame/ModalMgr.ts.
debug: Resolve ./UIFrom from file:///Users/super_javan/cocoscreator/littleBeastFight3.6/assets/Script/UIFrame/UIMgr.ts as file:///Users/super_javan/cocoscreator/littleBeastFight3.6/assets/Script/UIFrame/UIFrom.ts.
debug: Resolve cce:/internal/code-quality/cr.mjs from file:///Users/super_javan/cocoscreator/littleBeastFight3.6/assets/Script/UIFrame/UIFrom.ts as cce:/internal/code-quality/cr.mjs.
debug: Resolve cc from file:///Users/super_javan/cocoscreator/littleBeastFight3.6/assets/Script/UIFrame/UIFrom.ts as cce:/internal/x/cc.
debug: Resolve cc from file:///Users/super_javan/cocoscreator/littleBeastFight3.6/assets/Script/UIFrame/UIFrom.ts as cce:/internal/x/cc.
debug: Resolve cc from file:///Users/super_javan/cocoscreator/littleBeastFight3.6/assets/Script/UIFrame/UIFrom.ts as cce:/internal/x/cc.
debug: Resolve ../Config/SysDefine from file:///Users/super_javan/cocoscreator/littleBeastFight3.6/assets/Script/UIFrame/UIFrom.ts as file:///Users/super_javan/cocoscreator/littleBeastFight3.6/assets/Script/Config/SysDefine.ts.
debug: Resolve ./Struct from file:///Users/super_javan/cocoscreator/littleBeastFight3.6/assets/Script/UIFrame/UIFrom.ts as file:///Users/super_javan/cocoscreator/littleBeastFight3.6/assets/Script/UIFrame/Struct.ts.
debug: Resolve cce:/internal/code-quality/cr.mjs from file:///Users/super_javan/cocoscreator/littleBeastFight3.6/assets/Script/UIFrame/Struct.ts as cce:/internal/code-quality/cr.mjs.
debug: Resolve cc from file:///Users/super_javan/cocoscreator/littleBeastFight3.6/assets/Script/UIFrame/Struct.ts as cce:/internal/x/cc.
debug: Resolve ../Config/SysDefine from file:///Users/super_javan/cocoscreator/littleBeastFight3.6/assets/Script/UIFrame/Struct.ts as file:///Users/super_javan/cocoscreator/littleBeastFight3.6/assets/Script/Config/SysDefine.ts.
debug: Resolve ./UIBase from file:///Users/super_javan/cocoscreator/littleBeastFight3.6/assets/Script/UIFrame/UIFrom.ts as file:///Users/super_javan/cocoscreator/littleBeastFight3.6/assets/Script/UIFrame/UIBase.ts.
debug: Resolve cce:/internal/code-quality/cr.mjs from file:///Users/super_javan/cocoscreator/littleBeastFight3.6/assets/Script/UIFrame/UIBase.ts as cce:/internal/code-quality/cr.mjs.
debug: Resolve cc from file:///Users/super_javan/cocoscreator/littleBeastFight3.6/assets/Script/UIFrame/UIBase.ts as cce:/internal/x/cc.
debug: Resolve cc from file:///Users/super_javan/cocoscreator/littleBeastFight3.6/assets/Script/UIFrame/UIBase.ts as cce:/internal/x/cc.
debug: Resolve cc from file:///Users/super_javan/cocoscreator/littleBeastFight3.6/assets/Script/UIFrame/UIBase.ts as cce:/internal/x/cc.
debug: Resolve ../Config/SysDefine from file:///Users/super_javan/cocoscreator/littleBeastFight3.6/assets/Script/UIFrame/UIBase.ts as file:///Users/super_javan/cocoscreator/littleBeastFight3.6/assets/Script/Config/SysDefine.ts.
debug: Resolve file:///Users/super_javan/cocoscreator/littleBeastFight3.6/assets/Script/UIFrame/Struct.ts from cce:/internal/x/prerequisite-imports as file:///Users/super_javan/cocoscreator/littleBeastFight3.6/assets/Script/UIFrame/Struct.ts.
debug: Resolve file:///Users/super_javan/cocoscreator/littleBeastFight3.6/assets/Script/UIFrame/UIBase.ts from cce:/internal/x/prerequisite-imports as file:///Users/super_javan/cocoscreator/littleBeastFight3.6/assets/Script/UIFrame/UIBase.ts.
debug: Resolve file:///Users/super_javan/cocoscreator/littleBeastFight3.6/assets/Script/UIFrame/UIFrom.ts from cce:/internal/x/prerequisite-imports as file:///Users/super_javan/cocoscreator/littleBeastFight3.6/assets/Script/UIFrame/UIFrom.ts.
debug: Resolve file:///Users/super_javan/cocoscreator/littleBeastFight3.6/assets/Script/UIFrame/UIMgr.ts from cce:/internal/x/prerequisite-imports as file:///Users/super_javan/cocoscreator/littleBeastFight3.6/assets/Script/UIFrame/UIMgr.ts.
debug: Resolve file:///Users/super_javan/cocoscreator/littleBeastFight3.6/assets/Script/Utils/PriorityQueue.ts from cce:/internal/x/prerequisite-imports as file:///Users/super_javan/cocoscreator/littleBeastFight3.6/assets/Script/Utils/PriorityQueue.ts.
debug: Resolve file:///Users/super_javan/cocoscreator/littleBeastFight3.6/assets/Script/Utils/PriorityStake.ts from cce:/internal/x/prerequisite-imports as file:///Users/super_javan/cocoscreator/littleBeastFight3.6/assets/Script/Utils/PriorityStake.ts.
debug: Resolve file:///Users/super_javan/cocoscreator/littleBeastFight3.6/assets/Script/Utils/Utils.ts from cce:/internal/x/prerequisite-imports as file:///Users/super_javan/cocoscreator/littleBeastFight3.6/assets/Script/Utils/Utils.ts.
debug: Target(editor) ends with cost 329.8177499771118ms.
debug: Target(preview) build started.
debug: Detected change: cce:/internal/x/cc. Last mtime: Thu Jan 01 1970 08:00:03 GMT+0800 (中国标准时间), Current mtime: Thu Jan 01 1970 08:00:03 GMT+0800 (中国标准时间)
debug: Inspect cce:/internal/x/cc
debug: Resolve cce:/internal/x/cc-fu/2d from cce:/internal/x/cc as external dependency cce:/internal/x/cc-fu/2d.
debug: Resolve cce:/internal/x/cc-fu/animation from cce:/internal/x/cc as external dependency cce:/internal/x/cc-fu/animation.
debug: Resolve cce:/internal/x/cc-fu/audio from cce:/internal/x/cc as external dependency cce:/internal/x/cc-fu/audio.
debug: Resolve cce:/internal/x/cc-fu/base from cce:/internal/x/cc as external dependency cce:/internal/x/cc-fu/base.
debug: Resolve cce:/internal/x/cc-fu/dragon-bones from cce:/internal/x/cc as external dependency cce:/internal/x/cc-fu/dragon-bones.
debug: Resolve cce:/internal/x/cc-fu/gfx-webgl from cce:/internal/x/cc as external dependency cce:/internal/x/cc-fu/gfx-webgl.
debug: Resolve cce:/internal/x/cc-fu/gfx-webgl2 from cce:/internal/x/cc as external dependency cce:/internal/x/cc-fu/gfx-webgl2.
debug: Resolve cce:/internal/x/cc-fu/intersection-2d from cce:/internal/x/cc as external dependency cce:/internal/x/cc-fu/intersection-2d.
debug: Resolve cce:/internal/x/cc-fu/particle-2d from cce:/internal/x/cc as external dependency cce:/internal/x/cc-fu/particle-2d.
debug: Resolve cce:/internal/x/cc-fu/physics-2d-box2d from cce:/internal/x/cc as external dependency cce:/internal/x/cc-fu/physics-2d-box2d.
debug: Resolve cce:/internal/x/cc-fu/physics-2d-framework from cce:/internal/x/cc as external dependency cce:/internal/x/cc-fu/physics-2d-framework.
debug: Resolve cce:/internal/x/cc-fu/profiler from cce:/internal/x/cc as external dependency cce:/internal/x/cc-fu/profiler.
debug: Resolve cce:/internal/x/cc-fu/skeletal-animation from cce:/internal/x/cc as external dependency cce:/internal/x/cc-fu/skeletal-animation.
debug: Resolve cce:/internal/x/cc-fu/spine from cce:/internal/x/cc as external dependency cce:/internal/x/cc-fu/spine.
debug: Resolve cce:/internal/x/cc-fu/tiled-map from cce:/internal/x/cc as external dependency cce:/internal/x/cc-fu/tiled-map.
debug: Resolve cce:/internal/x/cc-fu/tween from cce:/internal/x/cc as external dependency cce:/internal/x/cc-fu/tween.
debug: Resolve cce:/internal/x/cc-fu/ui from cce:/internal/x/cc as external dependency cce:/internal/x/cc-fu/ui.
debug: Resolve cce:/internal/x/cc-fu/video from cce:/internal/x/cc as external dependency cce:/internal/x/cc-fu/video.
debug: Resolve cce:/internal/x/cc-fu/webview from cce:/internal/x/cc as external dependency cce:/internal/x/cc-fu/webview.
debug: Detected change: cce:/internal/x/prerequisite-imports. Last mtime: Thu Jan 01 1970 08:42:28 GMT+0800 (中国标准时间), Current mtime: Thu Jan 01 1970 08:00:04 GMT+0800 (中国标准时间)
debug: Inspect cce:/internal/x/prerequisite-imports
debug: Resolve file:///Users/super_javan/cocoscreator/littleBeastFight3.6/assets/Script/Base/ResMgr.ts from cce:/internal/x/prerequisite-imports as file:///Users/super_javan/cocoscreator/littleBeastFight3.6/assets/Script/Base/ResMgr.ts.
debug: Detected change: file:///Users/super_javan/cocoscreator/littleBeastFight3.6/assets/Script/Base/ResMgr.ts. Last mtime: Thu Feb 23 2023 19:21:28 GMT+0800 (中国标准时间)@65d8654a-06f8-4255-ad16-00b1a8df503b, Current mtime: Mon Feb 27 2023 13:45:53 GMT+0800 (中国标准时间)@65d8654a-06f8-4255-ad16-00b1a8df503b
debug: Inspect file:///Users/super_javan/cocoscreator/littleBeastFight3.6/assets/Script/Base/ResMgr.ts
debug: Resolve cce:/internal/code-quality/cr.mjs from file:///Users/super_javan/cocoscreator/littleBeastFight3.6/assets/Script/Base/ResMgr.ts as cce:/internal/code-quality/cr.mjs.
debug: Detected change: cce:/internal/code-quality/cr.mjs. Last mtime: Mon Feb 27 2023 12:35:24 GMT+0800 (中国标准时间), Current mtime: Mon Feb 27 2023 14:04:58 GMT+0800 (中国标准时间)
debug: Inspect cce:/internal/code-quality/cr.mjs
debug: Resolve cc from file:///Users/super_javan/cocoscreator/littleBeastFight3.6/assets/Script/Base/ResMgr.ts as cce:/internal/x/cc.
debug: Resolve cc from file:///Users/super_javan/cocoscreator/littleBeastFight3.6/assets/Script/Base/ResMgr.ts as cce:/internal/x/cc.
debug: Resolve cc from file:///Users/super_javan/cocoscreator/littleBeastFight3.6/assets/Script/Base/ResMgr.ts as cce:/internal/x/cc.
debug: Resolve ../Utils/Utils from file:///Users/super_javan/cocoscreator/littleBeastFight3.6/assets/Script/Base/ResMgr.ts as file:///Users/super_javan/cocoscreator/littleBeastFight3.6/assets/Script/Utils/Utils.ts.
debug: Resolve cc from file:///Users/super_javan/cocoscreator/littleBeastFight3.6/assets/Script/Utils/Utils.ts as cce:/internal/x/cc.
debug: Resolve file:///Users/super_javan/cocoscreator/littleBeastFight3.6/assets/Script/Config/SysDefine.ts from cce:/internal/x/prerequisite-imports as file:///Users/super_javan/cocoscreator/littleBeastFight3.6/assets/Script/Config/SysDefine.ts.
debug: Resolve cc from file:///Users/super_javan/cocoscreator/littleBeastFight3.6/assets/Script/Config/SysDefine.ts as cce:/internal/x/cc.
debug: Resolve file:///Users/super_javan/cocoscreator/littleBeastFight3.6/assets/Script/UIFrame/ModalMgr.ts from cce:/internal/x/prerequisite-imports as file:///Users/super_javan/cocoscreator/littleBeastFight3.6/assets/Script/UIFrame/ModalMgr.ts.
debug: Detected change: file:///Users/super_javan/cocoscreator/littleBeastFight3.6/assets/Script/UIFrame/ModalMgr.ts. Last mtime: Mon Feb 27 2023 13:02:11 GMT+0800 (中国标准时间)@8f367993-c942-4247-ac20-115ccf99a845, Current mtime: Mon Feb 27 2023 13:57:29 GMT+0800 (中国标准时间)@8f367993-c942-4247-ac20-115ccf99a845
debug: Inspect file:///Users/super_javan/cocoscreator/littleBeastFight3.6/assets/Script/UIFrame/ModalMgr.ts
debug: Resolve cce:/internal/code-quality/cr.mjs from file:///Users/super_javan/cocoscreator/littleBeastFight3.6/assets/Script/UIFrame/ModalMgr.ts as cce:/internal/code-quality/cr.mjs.
debug: Resolve cc from file:///Users/super_javan/cocoscreator/littleBeastFight3.6/assets/Script/UIFrame/ModalMgr.ts as cce:/internal/x/cc.
debug: Resolve cc from file:///Users/super_javan/cocoscreator/littleBeastFight3.6/assets/Script/UIFrame/ModalMgr.ts as cce:/internal/x/cc.
debug: Resolve cc from file:///Users/super_javan/cocoscreator/littleBeastFight3.6/assets/Script/UIFrame/ModalMgr.ts as cce:/internal/x/cc.
debug: Resolve ../Config/SysDefine from file:///Users/super_javan/cocoscreator/littleBeastFight3.6/assets/Script/UIFrame/ModalMgr.ts as file:///Users/super_javan/cocoscreator/littleBeastFight3.6/assets/Script/Config/SysDefine.ts.
debug: Resolve ./UIMgr from file:///Users/super_javan/cocoscreator/littleBeastFight3.6/assets/Script/UIFrame/ModalMgr.ts as file:///Users/super_javan/cocoscreator/littleBeastFight3.6/assets/Script/UIFrame/UIMgr.ts.
debug: Detected change: file:///Users/super_javan/cocoscreator/littleBeastFight3.6/assets/Script/UIFrame/UIMgr.ts. Last mtime: Mon Feb 27 2023 13:17:30 GMT+0800 (中国标准时间)@ce77fe6a-daa8-40a3-bcbc-b91a7278cc27, Current mtime: Mon Feb 27 2023 13:57:44 GMT+0800 (中国标准时间)@ce77fe6a-daa8-40a3-bcbc-b91a7278cc27
debug: Inspect file:///Users/super_javan/cocoscreator/littleBeastFight3.6/assets/Script/UIFrame/UIMgr.ts
debug: Resolve cce:/internal/code-quality/cr.mjs from file:///Users/super_javan/cocoscreator/littleBeastFight3.6/assets/Script/UIFrame/UIMgr.ts as cce:/internal/code-quality/cr.mjs.
debug: Resolve cc from file:///Users/super_javan/cocoscreator/littleBeastFight3.6/assets/Script/UIFrame/UIMgr.ts as cce:/internal/x/cc.
debug: Resolve cc from file:///Users/super_javan/cocoscreator/littleBeastFight3.6/assets/Script/UIFrame/UIMgr.ts as cce:/internal/x/cc.
debug: Resolve cc from file:///Users/super_javan/cocoscreator/littleBeastFight3.6/assets/Script/UIFrame/UIMgr.ts as cce:/internal/x/cc.
debug: Resolve ../Base/ResMgr from file:///Users/super_javan/cocoscreator/littleBeastFight3.6/assets/Script/UIFrame/UIMgr.ts as file:///Users/super_javan/cocoscreator/littleBeastFight3.6/assets/Script/Base/ResMgr.ts.
debug: Resolve ../Config/SysDefine from file:///Users/super_javan/cocoscreator/littleBeastFight3.6/assets/Script/UIFrame/UIMgr.ts as file:///Users/super_javan/cocoscreator/littleBeastFight3.6/assets/Script/Config/SysDefine.ts.
debug: Resolve ../Utils/PriorityStake from file:///Users/super_javan/cocoscreator/littleBeastFight3.6/assets/Script/UIFrame/UIMgr.ts as file:///Users/super_javan/cocoscreator/littleBeastFight3.6/assets/Script/Utils/PriorityStake.ts.
debug: Resolve cce:/internal/code-quality/cr.mjs from file:///Users/super_javan/cocoscreator/littleBeastFight3.6/assets/Script/Utils/PriorityStake.ts as cce:/internal/code-quality/cr.mjs.
debug: Resolve cc from file:///Users/super_javan/cocoscreator/littleBeastFight3.6/assets/Script/Utils/PriorityStake.ts as cce:/internal/x/cc.
debug: Resolve ./PriorityQueue from file:///Users/super_javan/cocoscreator/littleBeastFight3.6/assets/Script/Utils/PriorityStake.ts as file:///Users/super_javan/cocoscreator/littleBeastFight3.6/assets/Script/Utils/PriorityQueue.ts.
debug: Resolve cc from file:///Users/super_javan/cocoscreator/littleBeastFight3.6/assets/Script/Utils/PriorityQueue.ts as cce:/internal/x/cc.
debug: Resolve ./ModalMgr from file:///Users/super_javan/cocoscreator/littleBeastFight3.6/assets/Script/UIFrame/UIMgr.ts as file:///Users/super_javan/cocoscreator/littleBeastFight3.6/assets/Script/UIFrame/ModalMgr.ts.
debug: Resolve ./UIFrom from file:///Users/super_javan/cocoscreator/littleBeastFight3.6/assets/Script/UIFrame/UIMgr.ts as file:///Users/super_javan/cocoscreator/littleBeastFight3.6/assets/Script/UIFrame/UIFrom.ts.
debug: Resolve cce:/internal/code-quality/cr.mjs from file:///Users/super_javan/cocoscreator/littleBeastFight3.6/assets/Script/UIFrame/UIFrom.ts as cce:/internal/code-quality/cr.mjs.
debug: Resolve cc from file:///Users/super_javan/cocoscreator/littleBeastFight3.6/assets/Script/UIFrame/UIFrom.ts as cce:/internal/x/cc.
debug: Resolve cc from file:///Users/super_javan/cocoscreator/littleBeastFight3.6/assets/Script/UIFrame/UIFrom.ts as cce:/internal/x/cc.
debug: Resolve cc from file:///Users/super_javan/cocoscreator/littleBeastFight3.6/assets/Script/UIFrame/UIFrom.ts as cce:/internal/x/cc.
debug: Resolve ../Config/SysDefine from file:///Users/super_javan/cocoscreator/littleBeastFight3.6/assets/Script/UIFrame/UIFrom.ts as file:///Users/super_javan/cocoscreator/littleBeastFight3.6/assets/Script/Config/SysDefine.ts.
debug: Resolve ./Struct from file:///Users/super_javan/cocoscreator/littleBeastFight3.6/assets/Script/UIFrame/UIFrom.ts as file:///Users/super_javan/cocoscreator/littleBeastFight3.6/assets/Script/UIFrame/Struct.ts.
debug: Resolve cce:/internal/code-quality/cr.mjs from file:///Users/super_javan/cocoscreator/littleBeastFight3.6/assets/Script/UIFrame/Struct.ts as cce:/internal/code-quality/cr.mjs.
debug: Resolve cc from file:///Users/super_javan/cocoscreator/littleBeastFight3.6/assets/Script/UIFrame/Struct.ts as cce:/internal/x/cc.
debug: Resolve ../Config/SysDefine from file:///Users/super_javan/cocoscreator/littleBeastFight3.6/assets/Script/UIFrame/Struct.ts as file:///Users/super_javan/cocoscreator/littleBeastFight3.6/assets/Script/Config/SysDefine.ts.
debug: Resolve ./UIBase from file:///Users/super_javan/cocoscreator/littleBeastFight3.6/assets/Script/UIFrame/UIFrom.ts as file:///Users/super_javan/cocoscreator/littleBeastFight3.6/assets/Script/UIFrame/UIBase.ts.
debug: Resolve cce:/internal/code-quality/cr.mjs from file:///Users/super_javan/cocoscreator/littleBeastFight3.6/assets/Script/UIFrame/UIBase.ts as cce:/internal/code-quality/cr.mjs.
debug: Resolve cc from file:///Users/super_javan/cocoscreator/littleBeastFight3.6/assets/Script/UIFrame/UIBase.ts as cce:/internal/x/cc.
debug: Resolve cc from file:///Users/super_javan/cocoscreator/littleBeastFight3.6/assets/Script/UIFrame/UIBase.ts as cce:/internal/x/cc.
debug: Resolve cc from file:///Users/super_javan/cocoscreator/littleBeastFight3.6/assets/Script/UIFrame/UIBase.ts as cce:/internal/x/cc.
debug: Resolve ../Config/SysDefine from file:///Users/super_javan/cocoscreator/littleBeastFight3.6/assets/Script/UIFrame/UIBase.ts as file:///Users/super_javan/cocoscreator/littleBeastFight3.6/assets/Script/Config/SysDefine.ts.
debug: Resolve file:///Users/super_javan/cocoscreator/littleBeastFight3.6/assets/Script/UIFrame/Struct.ts from cce:/internal/x/prerequisite-imports as file:///Users/super_javan/cocoscreator/littleBeastFight3.6/assets/Script/UIFrame/Struct.ts.
debug: Resolve file:///Users/super_javan/cocoscreator/littleBeastFight3.6/assets/Script/UIFrame/UIBase.ts from cce:/internal/x/prerequisite-imports as file:///Users/super_javan/cocoscreator/littleBeastFight3.6/assets/Script/UIFrame/UIBase.ts.
debug: Resolve file:///Users/super_javan/cocoscreator/littleBeastFight3.6/assets/Script/UIFrame/UIFrom.ts from cce:/internal/x/prerequisite-imports as file:///Users/super_javan/cocoscreator/littleBeastFight3.6/assets/Script/UIFrame/UIFrom.ts.
debug: Resolve file:///Users/super_javan/cocoscreator/littleBeastFight3.6/assets/Script/UIFrame/UIMgr.ts from cce:/internal/x/prerequisite-imports as file:///Users/super_javan/cocoscreator/littleBeastFight3.6/assets/Script/UIFrame/UIMgr.ts.
debug: Resolve file:///Users/super_javan/cocoscreator/littleBeastFight3.6/assets/Script/Utils/PriorityQueue.ts from cce:/internal/x/prerequisite-imports as file:///Users/super_javan/cocoscreator/littleBeastFight3.6/assets/Script/Utils/PriorityQueue.ts.
debug: Resolve file:///Users/super_javan/cocoscreator/littleBeastFight3.6/assets/Script/Utils/PriorityStake.ts from cce:/internal/x/prerequisite-imports as file:///Users/super_javan/cocoscreator/littleBeastFight3.6/assets/Script/Utils/PriorityStake.ts.
debug: Resolve file:///Users/super_javan/cocoscreator/littleBeastFight3.6/assets/Script/Utils/Utils.ts from cce:/internal/x/prerequisite-imports as file:///Users/super_javan/cocoscreator/littleBeastFight3.6/assets/Script/Utils/Utils.ts.
debug: Target(preview) ends with cost 286.6259999871254ms.
debug: Pulling asset-db.
debug: Fetch asset-db cost: 24.01154100894928ms.
debug: Build iteration starts.
Number of accumulated asset changes: 10
Feature changed: false
debug: Target(editor) build started.
debug: Detected change: cce:/internal/x/prerequisite-imports. Last mtime: Thu Jan 01 1970 08:00:04 GMT+0800 (中国标准时间), Current mtime: Thu Jan 01 1970 08:00:04 GMT+0800 (中国标准时间)
debug: Inspect cce:/internal/x/prerequisite-imports
debug: Resolve file:///Users/super_javan/cocoscreator/littleBeastFight3.6/assets/Script/Base/ResMgr.ts from cce:/internal/x/prerequisite-imports as file:///Users/super_javan/cocoscreator/littleBeastFight3.6/assets/Script/Base/ResMgr.ts.
debug: Resolve file:///Users/super_javan/cocoscreator/littleBeastFight3.6/assets/Script/Config/SysDefine.ts from cce:/internal/x/prerequisite-imports as file:///Users/super_javan/cocoscreator/littleBeastFight3.6/assets/Script/Config/SysDefine.ts.
debug: Resolve file:///Users/super_javan/cocoscreator/littleBeastFight3.6/assets/Script/UIFrame/ModalMgr.ts from cce:/internal/x/prerequisite-imports as file:///Users/super_javan/cocoscreator/littleBeastFight3.6/assets/Script/UIFrame/ModalMgr.ts.
debug: Resolve file:///Users/super_javan/cocoscreator/littleBeastFight3.6/assets/Script/UIFrame/Struct.ts from cce:/internal/x/prerequisite-imports as file:///Users/super_javan/cocoscreator/littleBeastFight3.6/assets/Script/UIFrame/Struct.ts.
debug: Resolve file:///Users/super_javan/cocoscreator/littleBeastFight3.6/assets/Script/UIFrame/UIBase.ts from cce:/internal/x/prerequisite-imports as file:///Users/super_javan/cocoscreator/littleBeastFight3.6/assets/Script/UIFrame/UIBase.ts.
debug: Resolve file:///Users/super_javan/cocoscreator/littleBeastFight3.6/assets/Script/UIFrame/UIFrom.ts from cce:/internal/x/prerequisite-imports as file:///Users/super_javan/cocoscreator/littleBeastFight3.6/assets/Script/UIFrame/UIFrom.ts.
debug: Resolve file:///Users/super_javan/cocoscreator/littleBeastFight3.6/assets/Script/UIFrame/UIMgr.ts from cce:/internal/x/prerequisite-imports as file:///Users/super_javan/cocoscreator/littleBeastFight3.6/assets/Script/UIFrame/UIMgr.ts.
debug: Resolve file:///Users/super_javan/cocoscreator/littleBeastFight3.6/assets/Script/Utils/PriorityQueue.ts from cce:/internal/x/prerequisite-imports as file:///Users/super_javan/cocoscreator/littleBeastFight3.6/assets/Script/Utils/PriorityQueue.ts.
debug: Resolve file:///Users/super_javan/cocoscreator/littleBeastFight3.6/assets/Script/Utils/PriorityStake.ts from cce:/internal/x/prerequisite-imports as file:///Users/super_javan/cocoscreator/littleBeastFight3.6/assets/Script/Utils/PriorityStake.ts.
debug: Resolve file:///Users/super_javan/cocoscreator/littleBeastFight3.6/assets/Script/Utils/Utils.ts from cce:/internal/x/prerequisite-imports as file:///Users/super_javan/cocoscreator/littleBeastFight3.6/assets/Script/Utils/Utils.ts.
debug: Target(editor) ends with cost 18.326916992664337ms.
debug: Target(preview) build started.
debug: Detected change: cce:/internal/x/prerequisite-imports. Last mtime: Thu Jan 01 1970 08:00:04 GMT+0800 (中国标准时间), Current mtime: Thu Jan 01 1970 08:00:04 GMT+0800 (中国标准时间)
debug: Inspect cce:/internal/x/prerequisite-imports
debug: Resolve file:///Users/super_javan/cocoscreator/littleBeastFight3.6/assets/Script/Base/ResMgr.ts from cce:/internal/x/prerequisite-imports as file:///Users/super_javan/cocoscreator/littleBeastFight3.6/assets/Script/Base/ResMgr.ts.
debug: Resolve file:///Users/super_javan/cocoscreator/littleBeastFight3.6/assets/Script/Config/SysDefine.ts from cce:/internal/x/prerequisite-imports as file:///Users/super_javan/cocoscreator/littleBeastFight3.6/assets/Script/Config/SysDefine.ts.
debug: Resolve file:///Users/super_javan/cocoscreator/littleBeastFight3.6/assets/Script/UIFrame/ModalMgr.ts from cce:/internal/x/prerequisite-imports as file:///Users/super_javan/cocoscreator/littleBeastFight3.6/assets/Script/UIFrame/ModalMgr.ts.
debug: Resolve file:///Users/super_javan/cocoscreator/littleBeastFight3.6/assets/Script/UIFrame/Struct.ts from cce:/internal/x/prerequisite-imports as file:///Users/super_javan/cocoscreator/littleBeastFight3.6/assets/Script/UIFrame/Struct.ts.
debug: Resolve file:///Users/super_javan/cocoscreator/littleBeastFight3.6/assets/Script/UIFrame/UIBase.ts from cce:/internal/x/prerequisite-imports as file:///Users/super_javan/cocoscreator/littleBeastFight3.6/assets/Script/UIFrame/UIBase.ts.
debug: Resolve file:///Users/super_javan/cocoscreator/littleBeastFight3.6/assets/Script/UIFrame/UIFrom.ts from cce:/internal/x/prerequisite-imports as file:///Users/super_javan/cocoscreator/littleBeastFight3.6/assets/Script/UIFrame/UIFrom.ts.
debug: Resolve file:///Users/super_javan/cocoscreator/littleBeastFight3.6/assets/Script/UIFrame/UIMgr.ts from cce:/internal/x/prerequisite-imports as file:///Users/super_javan/cocoscreator/littleBeastFight3.6/assets/Script/UIFrame/UIMgr.ts.
debug: Resolve file:///Users/super_javan/cocoscreator/littleBeastFight3.6/assets/Script/Utils/PriorityQueue.ts from cce:/internal/x/prerequisite-imports as file:///Users/super_javan/cocoscreator/littleBeastFight3.6/assets/Script/Utils/PriorityQueue.ts.
debug: Resolve file:///Users/super_javan/cocoscreator/littleBeastFight3.6/assets/Script/Utils/PriorityStake.ts from cce:/internal/x/prerequisite-imports as file:///Users/super_javan/cocoscreator/littleBeastFight3.6/assets/Script/Utils/PriorityStake.ts.
debug: Resolve file:///Users/super_javan/cocoscreator/littleBeastFight3.6/assets/Script/Utils/Utils.ts from cce:/internal/x/prerequisite-imports as file:///Users/super_javan/cocoscreator/littleBeastFight3.6/assets/Script/Utils/Utils.ts.
debug: Target(preview) ends with cost 24.524582982063293ms.
debug: Dispatch build request for time accumulated 1 asset changes.
debug: Build iteration starts.
Number of accumulated asset changes: 1
Feature changed: false
debug: Target(editor) build started.
debug: Detected change: cce:/internal/x/prerequisite-imports. Last mtime: Thu Jan 01 1970 08:00:04 GMT+0800 (中国标准时间), Current mtime: Thu Jan 01 1970 10:51:02 GMT+0800 (中国标准时间)
debug: Inspect cce:/internal/x/prerequisite-imports
debug: Resolve file:///Users/super_javan/cocoscreator/littleBeastFight3.6/assets/Lobby/relist.ts from cce:/internal/x/prerequisite-imports as file:///Users/super_javan/cocoscreator/littleBeastFight3.6/assets/Lobby/relist.ts.
debug: Inspect file:///Users/super_javan/cocoscreator/littleBeastFight3.6/assets/Lobby/relist.ts
debug: Resolve cc from file:///Users/super_javan/cocoscreator/littleBeastFight3.6/assets/Lobby/relist.ts as cce:/internal/x/cc.
debug: Resolve file:///Users/super_javan/cocoscreator/littleBeastFight3.6/assets/Script/Base/ResMgr.ts from cce:/internal/x/prerequisite-imports as file:///Users/super_javan/cocoscreator/littleBeastFight3.6/assets/Script/Base/ResMgr.ts.
debug: Resolve file:///Users/super_javan/cocoscreator/littleBeastFight3.6/assets/Script/Config/SysDefine.ts from cce:/internal/x/prerequisite-imports as file:///Users/super_javan/cocoscreator/littleBeastFight3.6/assets/Script/Config/SysDefine.ts.
debug: Resolve file:///Users/super_javan/cocoscreator/littleBeastFight3.6/assets/Script/UIFrame/ModalMgr.ts from cce:/internal/x/prerequisite-imports as file:///Users/super_javan/cocoscreator/littleBeastFight3.6/assets/Script/UIFrame/ModalMgr.ts.
debug: Resolve file:///Users/super_javan/cocoscreator/littleBeastFight3.6/assets/Script/UIFrame/Struct.ts from cce:/internal/x/prerequisite-imports as file:///Users/super_javan/cocoscreator/littleBeastFight3.6/assets/Script/UIFrame/Struct.ts.
debug: Resolve file:///Users/super_javan/cocoscreator/littleBeastFight3.6/assets/Script/UIFrame/UIBase.ts from cce:/internal/x/prerequisite-imports as file:///Users/super_javan/cocoscreator/littleBeastFight3.6/assets/Script/UIFrame/UIBase.ts.
debug: Resolve file:///Users/super_javan/cocoscreator/littleBeastFight3.6/assets/Script/UIFrame/UIFrom.ts from cce:/internal/x/prerequisite-imports as file:///Users/super_javan/cocoscreator/littleBeastFight3.6/assets/Script/UIFrame/UIFrom.ts.
debug: Resolve file:///Users/super_javan/cocoscreator/littleBeastFight3.6/assets/Script/UIFrame/UIMgr.ts from cce:/internal/x/prerequisite-imports as file:///Users/super_javan/cocoscreator/littleBeastFight3.6/assets/Script/UIFrame/UIMgr.ts.
debug: Resolve file:///Users/super_javan/cocoscreator/littleBeastFight3.6/assets/Script/Utils/PriorityQueue.ts from cce:/internal/x/prerequisite-imports as file:///Users/super_javan/cocoscreator/littleBeastFight3.6/assets/Script/Utils/PriorityQueue.ts.
debug: Resolve file:///Users/super_javan/cocoscreator/littleBeastFight3.6/assets/Script/Utils/PriorityStake.ts from cce:/internal/x/prerequisite-imports as file:///Users/super_javan/cocoscreator/littleBeastFight3.6/assets/Script/Utils/PriorityStake.ts.
debug: Resolve file:///Users/super_javan/cocoscreator/littleBeastFight3.6/assets/Script/Utils/Utils.ts from cce:/internal/x/prerequisite-imports as file:///Users/super_javan/cocoscreator/littleBeastFight3.6/assets/Script/Utils/Utils.ts.
debug: Target(editor) ends with cost 61.37370800971985ms.
debug: Target(preview) build started.
debug: Detected change: cce:/internal/x/prerequisite-imports. Last mtime: Thu Jan 01 1970 08:00:04 GMT+0800 (中国标准时间), Current mtime: Thu Jan 01 1970 10:51:02 GMT+0800 (中国标准时间)
debug: Inspect cce:/internal/x/prerequisite-imports
debug: Resolve file:///Users/super_javan/cocoscreator/littleBeastFight3.6/assets/Lobby/relist.ts from cce:/internal/x/prerequisite-imports as file:///Users/super_javan/cocoscreator/littleBeastFight3.6/assets/Lobby/relist.ts.
debug: Inspect file:///Users/super_javan/cocoscreator/littleBeastFight3.6/assets/Lobby/relist.ts
debug: Resolve cc from file:///Users/super_javan/cocoscreator/littleBeastFight3.6/assets/Lobby/relist.ts as cce:/internal/x/cc.
debug: Resolve file:///Users/super_javan/cocoscreator/littleBeastFight3.6/assets/Script/Base/ResMgr.ts from cce:/internal/x/prerequisite-imports as file:///Users/super_javan/cocoscreator/littleBeastFight3.6/assets/Script/Base/ResMgr.ts.
debug: Resolve file:///Users/super_javan/cocoscreator/littleBeastFight3.6/assets/Script/Config/SysDefine.ts from cce:/internal/x/prerequisite-imports as file:///Users/super_javan/cocoscreator/littleBeastFight3.6/assets/Script/Config/SysDefine.ts.
debug: Resolve file:///Users/super_javan/cocoscreator/littleBeastFight3.6/assets/Script/UIFrame/ModalMgr.ts from cce:/internal/x/prerequisite-imports as file:///Users/super_javan/cocoscreator/littleBeastFight3.6/assets/Script/UIFrame/ModalMgr.ts.
debug: Resolve file:///Users/super_javan/cocoscreator/littleBeastFight3.6/assets/Script/UIFrame/Struct.ts from cce:/internal/x/prerequisite-imports as file:///Users/super_javan/cocoscreator/littleBeastFight3.6/assets/Script/UIFrame/Struct.ts.
debug: Resolve file:///Users/super_javan/cocoscreator/littleBeastFight3.6/assets/Script/UIFrame/UIBase.ts from cce:/internal/x/prerequisite-imports as file:///Users/super_javan/cocoscreator/littleBeastFight3.6/assets/Script/UIFrame/UIBase.ts.
debug: Resolve file:///Users/super_javan/cocoscreator/littleBeastFight3.6/assets/Script/UIFrame/UIFrom.ts from cce:/internal/x/prerequisite-imports as file:///Users/super_javan/cocoscreator/littleBeastFight3.6/assets/Script/UIFrame/UIFrom.ts.
debug: Resolve file:///Users/super_javan/cocoscreator/littleBeastFight3.6/assets/Script/UIFrame/UIMgr.ts from cce:/internal/x/prerequisite-imports as file:///Users/super_javan/cocoscreator/littleBeastFight3.6/assets/Script/UIFrame/UIMgr.ts.
debug: Resolve file:///Users/super_javan/cocoscreator/littleBeastFight3.6/assets/Script/Utils/PriorityQueue.ts from cce:/internal/x/prerequisite-imports as file:///Users/super_javan/cocoscreator/littleBeastFight3.6/assets/Script/Utils/PriorityQueue.ts.
debug: Resolve file:///Users/super_javan/cocoscreator/littleBeastFight3.6/assets/Script/Utils/PriorityStake.ts from cce:/internal/x/prerequisite-imports as file:///Users/super_javan/cocoscreator/littleBeastFight3.6/assets/Script/Utils/PriorityStake.ts.
debug: Resolve file:///Users/super_javan/cocoscreator/littleBeastFight3.6/assets/Script/Utils/Utils.ts from cce:/internal/x/prerequisite-imports as file:///Users/super_javan/cocoscreator/littleBeastFight3.6/assets/Script/Utils/Utils.ts.
debug: Target(preview) ends with cost 35.56666696071625ms.
